<?xml version="1.0" encoding="UTF-8"?>
<!-- Generated by org.testng.reporters.JUnitXMLReporter -->
<testsuite ignored="0" hostname="PREDATOR" failures="5" tests="22" name="Default test" time="270.56" errors="0" timestamp="2025-04-06T11:58:13 IST">
  <testcase classname="io.cucumber.testng.AbstractTestNGCucumberTests" name="runScenario" time="24.185">
    <failure type="java.lang.AssertionError" message="Failed to upload image expected [true] but found [false]">
      <![CDATA[java.lang.AssertionError: Failed to upload image expected [true] but found [false]
at org.testng.Assert.fail(Assert.java:110)
at org.testng.Assert.failNotEquals(Assert.java:1577)
at org.testng.Assert.assertTrue(Assert.java:56)
at com.OrangeHRM.StepDefinitions.StepImplementation.user_selects_an_image_to_upload(StepImplementation.java:300)
at ✽.User selects an image to upload(file:///D:/All%20Desktop%20folders/BDD%20Cucumber/Cucumber%20Self%20Practice/CucumberBitesBackAtOrangeHRM/src/test/java/com/OrangeHRM/FeatureFiles/BuzzFunctionality.feature:11)
]]>
    </failure>
  </testcase> <!-- runScenario -->
  <testcase classname="io.cucumber.testng.AbstractTestNGCucumberTests" name="runScenario" time="16.814">
    <failure type="java.lang.AssertionError" message="Post button is not disable for empty post text expected [false] but found [true]">
      <![CDATA[java.lang.AssertionError: Post button is not disable for empty post text expected [false] but found [true]
at org.testng.Assert.fail(Assert.java:110)
at org.testng.Assert.failNotEquals(Assert.java:1577)
at org.testng.Assert.assertFalse(Assert.java:78)
at com.OrangeHRM.StepDefinitions.StepImplementation.the_button_should_be_disabled(StepImplementation.java:313)
at ✽.The "Post" button should be disabled(file:///D:/All%20Desktop%20folders/BDD%20Cucumber/Cucumber%20Self%20Practice/CucumberBitesBackAtOrangeHRM/src/test/java/com/OrangeHRM/FeatureFiles/BuzzFunctionality.feature:17)
]]>
    </failure>
  </testcase> <!-- runScenario -->
  <testcase classname="io.cucumber.testng.AbstractTestNGCucumberTests" name="runScenario" time="11.663"/>
  <testcase classname="io.cucumber.testng.AbstractTestNGCucumberTests" name="runScenario" time="12.498"/>
  <testcase classname="io.cucumber.testng.AbstractTestNGCucumberTests" name="runScenario" time="11.571"/>
  <testcase classname="io.cucumber.testng.AbstractTestNGCucumberTests" name="runScenario" time="12.522"/>
  <testcase classname="io.cucumber.testng.AbstractTestNGCucumberTests" name="runScenario" time="12.103"/>
  <testcase classname="io.cucumber.testng.AbstractTestNGCucumberTests" name="runScenario" time="17.597">
    <failure type="java.lang.AssertionError" message="Alert automation failed expected [true] but found [false]">
      <![CDATA[java.lang.AssertionError: Alert automation failed expected [true] but found [false]
at org.testng.Assert.fail(Assert.java:110)
at org.testng.Assert.failNotEquals(Assert.java:1577)
at org.testng.Assert.assertTrue(Assert.java:56)
at com.OrangeHRM.StepDefinitions.StepImplementation.a_pop_up_message_should_be_displayed(StepImplementation.java:203)
at ✽.A pop-up message should be displayed(file:///D:/All%20Desktop%20folders/BDD%20Cucumber/Cucumber%20Self%20Practice/CucumberBitesBackAtOrangeHRM/src/test/java/com/OrangeHRM/FeatureFiles/DirectoryFunctionality.feature:27)
]]>
    </failure>
  </testcase> <!-- runScenario -->
  <testcase classname="io.cucumber.testng.AbstractTestNGCucumberTests" name="runScenario" time="12.537">
    <failure type="java.lang.AssertionError" message="expected [true] but found [false]">
      <![CDATA[java.lang.AssertionError: expected [true] but found [false]
at org.testng.Assert.fail(Assert.java:110)
at org.testng.Assert.failNotEquals(Assert.java:1577)
at org.testng.Assert.assertTrue(Assert.java:56)
at org.testng.Assert.assertTrue(Assert.java:66)
at com.OrangeHRM.StepDefinitions.StepImplementation.user_should_receive_a_password_reset_link(StepImplementation.java:88)
at ✽.User should receive a password reset link(file:///D:/All%20Desktop%20folders/BDD%20Cucumber/Cucumber%20Self%20Practice/CucumberBitesBackAtOrangeHRM/src/test/java/com/OrangeHRM/FeatureFiles/ForgotPasswordFunctionality.feature:11)
]]>
    </failure>
  </testcase> <!-- runScenario -->
  <testcase classname="io.cucumber.testng.AbstractTestNGCucumberTests" name="runScenario" time="9.355"/>
  <testcase classname="io.cucumber.testng.AbstractTestNGCucumberTests" name="runScenario" time="12.831">
    <failure type="java.lang.AssertionError" message="expected [true] but found [false]">
      <![CDATA[java.lang.AssertionError: expected [true] but found [false]
at org.testng.Assert.fail(Assert.java:110)
at org.testng.Assert.failNotEquals(Assert.java:1577)
at org.testng.Assert.assertTrue(Assert.java:56)
at org.testng.Assert.assertTrue(Assert.java:66)
at com.OrangeHRM.StepDefinitions.StepImplementation.user_should_see_an_invalid_user_error_message(StepImplementation.java:98)
at ✽.User should see an invalid user error message: "Invalid username"(file:///D:/All%20Desktop%20folders/BDD%20Cucumber/Cucumber%20Self%20Practice/CucumberBitesBackAtOrangeHRM/src/test/java/com/OrangeHRM/FeatureFiles/ForgotPasswordFunctionality.feature:24)
]]>
    </failure>
  </testcase> <!-- runScenario -->
  <testcase classname="io.cucumber.testng.AbstractTestNGCucumberTests" name="runScenario" time="10.009"/>
  <testcase classname="io.cucumber.testng.AbstractTestNGCucumberTests" name="runScenario" time="11.122"/>
  <testcase classname="io.cucumber.testng.AbstractTestNGCucumberTests" name="runScenario" time="10.52"/>
  <testcase classname="io.cucumber.testng.AbstractTestNGCucumberTests" name="runScenario" time="12.302"/>
  <testcase classname="io.cucumber.testng.AbstractTestNGCucumberTests" name="runScenario" time="9.69"/>
  <testcase classname="io.cucumber.testng.AbstractTestNGCucumberTests" name="runScenario" time="9.849"/>
  <testcase classname="io.cucumber.testng.AbstractTestNGCucumberTests" name="runScenario" time="7.907"/>
  <testcase classname="io.cucumber.testng.AbstractTestNGCucumberTests" name="runScenario" time="7.976"/>
  <testcase classname="io.cucumber.testng.AbstractTestNGCucumberTests" name="runScenario" time="11.241"/>
  <testcase classname="io.cucumber.testng.AbstractTestNGCucumberTests" name="runScenario" time="11.91"/>
  <testcase classname="io.cucumber.testng.AbstractTestNGCucumberTests" name="runScenario" time="13.462"/>
</testsuite> <!-- Default test -->
